        -:    0:Source:/home/lerakry/github_tp_c_cpp_h1/tp_c-cpp_homework1/DZ2/project/src/functions_synch.c
        -:    0:Graph:/home/lerakry/github_tp_c_cpp_h1/tp_c-cpp_homework1/DZ2/cmake-build-debug-coverage/CMakeFiles/compute_synch.dir/project/src/functions_synch.c.gcno
        -:    0:Data:/home/lerakry/github_tp_c_cpp_h1/tp_c-cpp_homework1/DZ2/cmake-build-debug-coverage/CMakeFiles/compute_synch.dir/project/src/functions_synch.c.gcda
        -:    0:Runs:1
        -:    0:Programs:1
        -:    1://
        -:    2:// Created by lerakry on 27.10.2020.
        -:    3://
        -:    4:#include "utils.h"
        -:    5:#include "utils_synch.h"
        -:    6:
    #####:    7:double* transposition(Matrix* a, double* b) {
    $$$$$:    7-block  0
    #####:    8:    for ( int i = 0; i < a->rows; ++i ) {
    $$$$$:    8-block  0
    $$$$$:    8-block  1
    $$$$$:    8-block  2
    $$$$$:    8-block  3
    #####:    9:        for ( int j = 0; j < a->columns; ++j ) {
    $$$$$:    9-block  0
    $$$$$:    9-block  1
    #####:   10:            b[i + a->rows * j] = a->matrix[i][j];
        -:   11:        }
        -:   12:    }
    #####:   13:    return b;
        -:   14:}
